TN:
SF:src\api\http.js
FNF:0
FNH:0
DA:3,5
DA:5,5
LF:2
LH:2
BRF:0
BRH:0
end_of_record
TN:
SF:src\api\movie-api.js
FN:6,(anonymous_0)
FN:18,(anonymous_1)
FNF:2
FNH:2
FNDA:5,(anonymous_0)
FNDA:2,(anonymous_1)
DA:4,5
DA:6,5
DA:9,5
DA:11,5
DA:18,5
DA:19,2
LF:6
LH:6
BRF:0
BRH:0
end_of_record
TN:
SF:src\features\Movies\MovieCard.svelte
FNF:0
FNH:0
DA:2,3
DA:3,12
DA:11,12
DA:12,12
DA:13,12
DA:18,12
DA:23,12
DA:24,12
DA:26,12
DA:28,12
LF:10
LH:10
BRDA:11,0,0,12
BRDA:11,0,1,0
BRDA:11,1,0,0
BRDA:11,1,1,0
BRDA:12,2,0,0
BRDA:12,2,1,0
BRDA:13,3,0,0
BRDA:13,3,1,0
BRDA:18,4,0,0
BRDA:18,4,1,0
BRDA:18,5,0,0
BRDA:18,5,1,0
BRDA:23,6,0,0
BRDA:23,6,1,0
BRDA:23,7,0,0
BRDA:23,7,1,0
BRDA:24,8,0,0
BRDA:24,8,1,0
BRDA:24,9,0,0
BRDA:24,9,1,0
BRDA:26,10,0,0
BRDA:26,10,1,0
BRDA:26,11,0,0
BRDA:26,11,1,0
BRDA:28,12,0,0
BRDA:28,12,1,0
BRDA:28,13,0,0
BRDA:28,13,1,0
BRF:28
BRH:1
end_of_record
TN:
SF:src\features\Movies\MovieList.svelte
FN:8,(anonymous_35)
FNF:1
FNH:1
FNDA:5,(anonymous_35)
DA:2,2
DA:3,2
DA:4,2
DA:6,7
DA:8,7
DA:13,7
DA:18,7
DA:22,0
DA:23,0
DA:24,10
DA:27,5
DA:28,20
LF:12
LH:10
BRDA:22,0,0,0
BRDA:22,0,1,0
BRDA:27,1,0,0
BRDA:27,1,1,5
BRDA:13,2,0,7
BRDA:13,2,1,6
BRDA:13,2,2,1
BRDA:18,3,0,7
BRDA:18,3,1,5
BRDA:13,4,0,5
BRDA:13,4,1,5
BRDA:8,5,0,1
BRDA:8,5,1,4
BRF:13
BRH:10
end_of_record
TN:
SF:src\features\Movies\MovieSearch.svelte
FNF:0
FNH:0
DA:2,2
DA:3,2
DA:5,5
DA:8,1
DA:12,2
DA:35,11
LF:6
LH:6
BRDA:11,0,0,8
BRDA:11,0,1,3
BRF:2
BRH:2
end_of_record
TN:
SF:src\features\Movies\Movies.svelte
FNF:0
FNH:0
DA:2,1
DA:3,1
LF:2
LH:2
BRF:0
BRH:0
end_of_record
TN:
SF:src\store\index.js
FN:10,(anonymous_0)
FN:12,(anonymous_1)
FN:13,(anonymous_2)
FNF:3
FNH:3
FNDA:7,(anonymous_0)
FNDA:15,(anonymous_1)
FNDA:10,(anonymous_2)
DA:3,6
DA:8,6
DA:10,6
DA:11,7
DA:12,15
DA:14,10
DA:15,10
LF:7
LH:7
BRF:0
BRH:0
end_of_record
